This is pdfTeX, Version 3.14159265-2.6-1.40.19 (MiKTeX 2.9.6700 64-bit) (preloaded format=pdflatex 2018.5.31)  14 DEC 2021 10:15
entering extended mode
**./BrailleR.tex
(BrailleR.tex
LaTeX2e <2018-04-01> patch level 4
Babel <3.20> and hyphenation patterns for 75 language(s) loaded.
("C:\Program Files\MiKTeX 2.9\tex\latex\base\book.cls"
Document Class: book 2014/09/29 v1.4h Standard LaTeX document class
("C:\Program Files\MiKTeX 2.9\tex\latex\base\bk10.clo"
File: bk10.clo 2014/09/29 v1.4h Standard LaTeX file (size option)
)
\c@part=\count80
\c@chapter=\count81
\c@section=\count82
\c@subsection=\count83
\c@subsubsection=\count84
\c@paragraph=\count85
\c@subparagraph=\count86
\c@figure=\count87
\c@table=\count88
\abovecaptionskip=\skip41
\belowcaptionskip=\skip42
\bibindent=\dimen102
) ("C:\Program Files\MiKTeX 2.9\tex\latex\amsmath\amsmath.sty"
Package: amsmath 2017/09/02 v2.17a AMS math features
\@mathmargin=\skip43
For additional information on amsmath, use the `?' option.
("C:\Program Files\MiKTeX 2.9\tex\latex\amsmath\amstext.sty"
Package: amstext 2000/06/29 v2.01 AMS text
("C:\Program Files\MiKTeX 2.9\tex\latex\amsmath\amsgen.sty"
File: amsgen.sty 1999/11/30 v2.0 generic functions
\@emptytoks=\toks14
\ex@=\dimen103
)) ("C:\Program Files\MiKTeX 2.9\tex\latex\amsmath\amsbsy.sty"
Package: amsbsy 1999/11/29 v1.2d Bold Symbols
\pmbraise@=\dimen104
) ("C:\Program Files\MiKTeX 2.9\tex\latex\amsmath\amsopn.sty"
Package: amsopn 2016/03/08 v2.02 operator names
)
\inf@bad=\count89
LaTeX Info: Redefining \frac on input line 213.
\uproot@=\count90
\leftroot@=\count91
LaTeX Info: Redefining \overline on input line 375.
\classnum@=\count92
\DOTSCASE@=\count93
LaTeX Info: Redefining \ldots on input line 472.
LaTeX Info: Redefining \dots on input line 475.
LaTeX Info: Redefining \cdots on input line 596.
\Mathstrutbox@=\box26
\strutbox@=\box27
\big@size=\dimen105
LaTeX Font Info:    Redeclaring font encoding OML on input line 712.
LaTeX Font Info:    Redeclaring font encoding OMS on input line 713.
\macc@depth=\count94
\c@MaxMatrixCols=\count95
\dotsspace@=\muskip10
\c@parentequation=\count96
\dspbrk@lvl=\count97
\tag@help=\toks15
\row@=\count98
\column@=\count99
\maxfields@=\count100
\andhelp@=\toks16
\eqnshift@=\dimen106
\alignsep@=\dimen107
\tagshift@=\dimen108
\tagwidth@=\dimen109
\totwidth@=\dimen110
\lineht@=\dimen111
\@envbody=\toks17
\multlinegap=\skip44
\multlinetaggap=\skip45
\mathdisplay@stack=\toks18
LaTeX Info: Redefining \[ on input line 2817.
LaTeX Info: Redefining \] on input line 2818.
) ("C:\Program Files\MiKTeX 2.9\tex\latex\amsfonts\amssymb.sty"
Package: amssymb 2013/01/14 v3.01 AMS font symbols
("C:\Program Files\MiKTeX 2.9\tex\latex\amsfonts\amsfonts.sty"
Package: amsfonts 2013/01/14 v3.01 Basic AMSFonts support
\symAMSa=\mathgroup4
\symAMSb=\mathgroup5
LaTeX Font Info:    Overwriting math alphabet `\mathfrak' in version `bold'
(Font)                  U/euf/m/n --> U/euf/b/n on input line 106.
)) ("C:\Program Files\MiKTeX 2.9\tex\latex\lm\lmodern.sty"
Package: lmodern 2009/10/30 v1.6 Latin Modern Fonts
LaTeX Font Info:    Overwriting symbol font `operators' in version `normal'
(Font)                  OT1/cmr/m/n --> OT1/lmr/m/n on input line 22.
LaTeX Font Info:    Overwriting symbol font `letters' in version `normal'
(Font)                  OML/cmm/m/it --> OML/lmm/m/it on input line 23.
LaTeX Font Info:    Overwriting symbol font `symbols' in version `normal'
(Font)                  OMS/cmsy/m/n --> OMS/lmsy/m/n on input line 24.
LaTeX Font Info:    Overwriting symbol font `largesymbols' in version `normal'
(Font)                  OMX/cmex/m/n --> OMX/lmex/m/n on input line 25.
LaTeX Font Info:    Overwriting symbol font `operators' in version `bold'
(Font)                  OT1/cmr/bx/n --> OT1/lmr/bx/n on input line 26.
LaTeX Font Info:    Overwriting symbol font `letters' in version `bold'
(Font)                  OML/cmm/b/it --> OML/lmm/b/it on input line 27.
LaTeX Font Info:    Overwriting symbol font `symbols' in version `bold'
(Font)                  OMS/cmsy/b/n --> OMS/lmsy/b/n on input line 28.
LaTeX Font Info:    Overwriting symbol font `largesymbols' in version `bold'
(Font)                  OMX/cmex/m/n --> OMX/lmex/m/n on input line 29.
LaTeX Font Info:    Overwriting math alphabet `\mathbf' in version `normal'
(Font)                  OT1/cmr/bx/n --> OT1/lmr/bx/n on input line 31.
LaTeX Font Info:    Overwriting math alphabet `\mathsf' in version `normal'
(Font)                  OT1/cmss/m/n --> OT1/lmss/m/n on input line 32.
LaTeX Font Info:    Overwriting math alphabet `\mathit' in version `normal'
(Font)                  OT1/cmr/m/it --> OT1/lmr/m/it on input line 33.
LaTeX Font Info:    Overwriting math alphabet `\mathtt' in version `normal'
(Font)                  OT1/cmtt/m/n --> OT1/lmtt/m/n on input line 34.
LaTeX Font Info:    Overwriting math alphabet `\mathbf' in version `bold'
(Font)                  OT1/cmr/bx/n --> OT1/lmr/bx/n on input line 35.
LaTeX Font Info:    Overwriting math alphabet `\mathsf' in version `bold'
(Font)                  OT1/cmss/bx/n --> OT1/lmss/bx/n on input line 36.
LaTeX Font Info:    Overwriting math alphabet `\mathit' in version `bold'
(Font)                  OT1/cmr/bx/it --> OT1/lmr/bx/it on input line 37.
LaTeX Font Info:    Overwriting math alphabet `\mathtt' in version `bold'
(Font)                  OT1/cmtt/m/n --> OT1/lmtt/m/n on input line 38.
) (C:\Users\ajgodfre\AppData\Roaming\MiKTeX\2.9\tex\generic\iftex\iftex.sty
Package: iftex 2020/03/06 v1.0d TeX engine tests
) ("C:\Program Files\MiKTeX 2.9\tex\latex\base\fontenc.sty"
Package: fontenc 2017/04/05 v2.0i Standard LaTeX package
("C:\Program Files\MiKTeX 2.9\tex\latex\base\t1enc.def"
File: t1enc.def 2017/04/05 v2.0i Standard LaTeX file
LaTeX Font Info:    Redeclaring font encoding T1 on input line 48.
)) ("C:\Program Files\MiKTeX 2.9\tex\latex\base\inputenc.sty"
Package: inputenc 2018/04/06 v1.3b Input encoding file
\inpenc@prehook=\toks19
\inpenc@posthook=\toks20
) ("C:\Program Files\MiKTeX 2.9\tex\latex\base\textcomp.sty"
Package: textcomp 2017/04/05 v2.0i Standard LaTeX package
Package textcomp Info: Sub-encoding information:
(textcomp)               5 = only ISO-Adobe without \textcurrency
(textcomp)               4 = 5 + \texteuro
(textcomp)               3 = 4 + \textohm
(textcomp)               2 = 3 + \textestimated + \textcurrency
(textcomp)               1 = TS1 - \textcircled - \t
(textcomp)               0 = TS1 (full)
(textcomp)             Font families with sub-encoding setting implement
(textcomp)             only a restricted character set as indicated.
(textcomp)             Family '?' is the default used for unknown fonts.
(textcomp)             See the documentation for details.
Package textcomp Info: Setting ? sub-encoding to TS1/1 on input line 79.
("C:\Program Files\MiKTeX 2.9\tex\latex\base\ts1enc.def"
File: ts1enc.def 2001/06/05 v3.0e (jk/car/fm) Standard LaTeX file
Now handling font encoding TS1 ...
... processing UTF-8 mapping file for font encoding TS1
("C:\Program Files\MiKTeX 2.9\tex\latex\base\ts1enc.dfu"
File: ts1enc.dfu 2018/04/05 v1.2c UTF-8 support for inputenc
   defining Unicode char U+00A2 (decimal 162)
   defining Unicode char U+00A3 (decimal 163)
   defining Unicode char U+00A4 (decimal 164)
   defining Unicode char U+00A5 (decimal 165)
   defining Unicode char U+00A6 (decimal 166)
   defining Unicode char U+00A7 (decimal 167)
   defining Unicode char U+00A8 (decimal 168)
   defining Unicode char U+00A9 (decimal 169)
   defining Unicode char U+00AA (decimal 170)
   defining Unicode char U+00AC (decimal 172)
   defining Unicode char U+00AE (decimal 174)
   defining Unicode char U+00AF (decimal 175)
   defining Unicode char U+00B0 (decimal 176)
   defining Unicode char U+00B1 (decimal 177)
   defining Unicode char U+00B2 (decimal 178)
   defining Unicode char U+00B3 (decimal 179)
   defining Unicode char U+00B4 (decimal 180)
   defining Unicode char U+00B5 (decimal 181)
   defining Unicode char U+00B6 (decimal 182)
   defining Unicode char U+00B7 (decimal 183)
   defining Unicode char U+00B9 (decimal 185)
   defining Unicode char U+00BA (decimal 186)
   defining Unicode char U+00BC (decimal 188)
   defining Unicode char U+00BD (decimal 189)
   defining Unicode char U+00BE (decimal 190)
   defining Unicode char U+00D7 (decimal 215)
   defining Unicode char U+00F7 (decimal 247)
   defining Unicode char U+0192 (decimal 402)
   defining Unicode char U+02C7 (decimal 711)
   defining Unicode char U+02D8 (decimal 728)
   defining Unicode char U+02DD (decimal 733)
   defining Unicode char U+0E3F (decimal 3647)
   defining Unicode char U+2016 (decimal 8214)
   defining Unicode char U+2020 (decimal 8224)
   defining Unicode char U+2021 (decimal 8225)
   defining Unicode char U+2022 (decimal 8226)
   defining Unicode char U+2030 (decimal 8240)
   defining Unicode char U+2031 (decimal 8241)
   defining Unicode char U+203B (decimal 8251)
   defining Unicode char U+203D (decimal 8253)
   defining Unicode char U+2044 (decimal 8260)
   defining Unicode char U+204E (decimal 8270)
   defining Unicode char U+2052 (decimal 8274)
   defining Unicode char U+20A1 (decimal 8353)
   defining Unicode char U+20A4 (decimal 8356)
   defining Unicode char U+20A6 (decimal 8358)
   defining Unicode char U+20A9 (decimal 8361)
   defining Unicode char U+20AB (decimal 8363)
   defining Unicode char U+20AC (decimal 8364)
   defining Unicode char U+20B1 (decimal 8369)
   defining Unicode char U+2103 (decimal 8451)
   defining Unicode char U+2116 (decimal 8470)
   defining Unicode char U+2117 (decimal 8471)
   defining Unicode char U+211E (decimal 8478)
   defining Unicode char U+2120 (decimal 8480)
   defining Unicode char U+2122 (decimal 8482)
   defining Unicode char U+2126 (decimal 8486)
   defining Unicode char U+2127 (decimal 8487)
   defining Unicode char U+212E (decimal 8494)
   defining Unicode char U+2190 (decimal 8592)
   defining Unicode char U+2191 (decimal 8593)
   defining Unicode char U+2192 (decimal 8594)
   defining Unicode char U+2193 (decimal 8595)
   defining Unicode char U+2329 (decimal 9001)
   defining Unicode char U+232A (decimal 9002)
   defining Unicode char U+2422 (decimal 9250)
   defining Unicode char U+25E6 (decimal 9702)
   defining Unicode char U+25EF (decimal 9711)
   defining Unicode char U+266A (decimal 9834)
   defining Unicode char U+FEFF (decimal 65279)
))
LaTeX Info: Redefining \oldstylenums on input line 334.
Package textcomp Info: Setting cmr sub-encoding to TS1/0 on input line 349.
Package textcomp Info: Setting cmss sub-encoding to TS1/0 on input line 350.
Package textcomp Info: Setting cmtt sub-encoding to TS1/0 on input line 351.
Package textcomp Info: Setting cmvtt sub-encoding to TS1/0 on input line 352.
Package textcomp Info: Setting cmbr sub-encoding to TS1/0 on input line 353.
Package textcomp Info: Setting cmtl sub-encoding to TS1/0 on input line 354.
Package textcomp Info: Setting ccr sub-encoding to TS1/0 on input line 355.
Package textcomp Info: Setting ptm sub-encoding to TS1/4 on input line 356.
Package textcomp Info: Setting pcr sub-encoding to TS1/4 on input line 357.
Package textcomp Info: Setting phv sub-encoding to TS1/4 on input line 358.
Package textcomp Info: Setting ppl sub-encoding to TS1/3 on input line 359.
Package textcomp Info: Setting pag sub-encoding to TS1/4 on input line 360.
Package textcomp Info: Setting pbk sub-encoding to TS1/4 on input line 361.
Package textcomp Info: Setting pnc sub-encoding to TS1/4 on input line 362.
Package textcomp Info: Setting pzc sub-encoding to TS1/4 on input line 363.
Package textcomp Info: Setting bch sub-encoding to TS1/4 on input line 364.
Package textcomp Info: Setting put sub-encoding to TS1/5 on input line 365.
Package textcomp Info: Setting uag sub-encoding to TS1/5 on input line 366.
Package textcomp Info: Setting ugq sub-encoding to TS1/5 on input line 367.
Package textcomp Info: Setting ul8 sub-encoding to TS1/4 on input line 368.
Package textcomp Info: Setting ul9 sub-encoding to TS1/4 on input line 369.
Package textcomp Info: Setting augie sub-encoding to TS1/5 on input line 370.
Package textcomp Info: Setting dayrom sub-encoding to TS1/3 on input line 371.
Package textcomp Info: Setting dayroms sub-encoding to TS1/3 on input line 372.

Package textcomp Info: Setting pxr sub-encoding to TS1/0 on input line 373.
Package textcomp Info: Setting pxss sub-encoding to TS1/0 on input line 374.
Package textcomp Info: Setting pxtt sub-encoding to TS1/0 on input line 375.
Package textcomp Info: Setting txr sub-encoding to TS1/0 on input line 376.
Package textcomp Info: Setting txss sub-encoding to TS1/0 on input line 377.
Package textcomp Info: Setting txtt sub-encoding to TS1/0 on input line 378.
Package textcomp Info: Setting lmr sub-encoding to TS1/0 on input line 379.
Package textcomp Info: Setting lmdh sub-encoding to TS1/0 on input line 380.
Package textcomp Info: Setting lmss sub-encoding to TS1/0 on input line 381.
Package textcomp Info: Setting lmssq sub-encoding to TS1/0 on input line 382.
Package textcomp Info: Setting lmvtt sub-encoding to TS1/0 on input line 383.
Package textcomp Info: Setting lmtt sub-encoding to TS1/0 on input line 384.
Package textcomp Info: Setting qhv sub-encoding to TS1/0 on input line 385.
Package textcomp Info: Setting qag sub-encoding to TS1/0 on input line 386.
Package textcomp Info: Setting qbk sub-encoding to TS1/0 on input line 387.
Package textcomp Info: Setting qcr sub-encoding to TS1/0 on input line 388.
Package textcomp Info: Setting qcs sub-encoding to TS1/0 on input line 389.
Package textcomp Info: Setting qpl sub-encoding to TS1/0 on input line 390.
Package textcomp Info: Setting qtm sub-encoding to TS1/0 on input line 391.
Package textcomp Info: Setting qzc sub-encoding to TS1/0 on input line 392.
Package textcomp Info: Setting qhvc sub-encoding to TS1/0 on input line 393.
Package textcomp Info: Setting futs sub-encoding to TS1/4 on input line 394.
Package textcomp Info: Setting futx sub-encoding to TS1/4 on input line 395.
Package textcomp Info: Setting futj sub-encoding to TS1/4 on input line 396.
Package textcomp Info: Setting hlh sub-encoding to TS1/3 on input line 397.
Package textcomp Info: Setting hls sub-encoding to TS1/3 on input line 398.
Package textcomp Info: Setting hlst sub-encoding to TS1/3 on input line 399.
Package textcomp Info: Setting hlct sub-encoding to TS1/5 on input line 400.
Package textcomp Info: Setting hlx sub-encoding to TS1/5 on input line 401.
Package textcomp Info: Setting hlce sub-encoding to TS1/5 on input line 402.
Package textcomp Info: Setting hlcn sub-encoding to TS1/5 on input line 403.
Package textcomp Info: Setting hlcw sub-encoding to TS1/5 on input line 404.
Package textcomp Info: Setting hlcf sub-encoding to TS1/5 on input line 405.
Package textcomp Info: Setting pplx sub-encoding to TS1/3 on input line 406.
Package textcomp Info: Setting pplj sub-encoding to TS1/3 on input line 407.
Package textcomp Info: Setting ptmx sub-encoding to TS1/4 on input line 408.
Package textcomp Info: Setting ptmj sub-encoding to TS1/4 on input line 409.
) (C:\Users\ajgodfre\AppData\Roaming\MiKTeX\2.9\tex\latex\upquote\upquote.sty
Package: upquote 2012/04/19 v1.3 upright-quote and grave-accent glyphs in verba
tim
)
(C:\Users\ajgodfre\AppData\Roaming\MiKTeX\2.9\tex\latex\microtype\microtype.sty
Package: microtype 2018/01/14 v2.7a Micro-typographical refinements (RS)
("C:\Program Files\MiKTeX 2.9\tex\latex\graphics\keyval.sty"
Package: keyval 2014/10/28 v1.15 key=value parser (DPC)
\KV@toks@=\toks21
)
\MT@toks=\toks22
\MT@count=\count101
LaTeX Info: Redefining \textls on input line 793.
\MT@outer@kern=\dimen112
LaTeX Info: Redefining \textmicrotypecontext on input line 1339.
\MT@listname@count=\count102

(C:\Users\ajgodfre\AppData\Roaming\MiKTeX\2.9\tex\latex\microtype\microtype-pdf
tex.def
File: microtype-pdftex.def 2018/01/14 v2.7a Definitions specific to pdftex (RS)

LaTeX Info: Redefining \lsstyle on input line 913.
LaTeX Info: Redefining \lslig on input line 913.
\MT@outer@space=\skip46
)
Package microtype Info: Loading configuration file microtype.cfg.

(C:\Users\ajgodfre\AppData\Roaming\MiKTeX\2.9\tex\latex\microtype\microtype.cfg
File: microtype.cfg 2018/01/14 v2.7a microtype main configuration file (RS)
)) (C:\Users\ajgodfre\AppData\Roaming\MiKTeX\2.9\tex\latex\parskip\parskip.sty
Package: parskip 2001/04/09 non-zero parskip adjustments
) (C:\Users\ajgodfre\AppData\Roaming\MiKTeX\2.9\tex\latex\xcolor\xcolor.sty
Package: xcolor 2016/05/11 v2.12 LaTeX color extensions (UK)
("C:\Program Files\MiKTeX 2.9\tex\latex\graphics-cfg\color.cfg"
File: color.cfg 2016/01/02 v1.6 sample color configuration
)
Package xcolor Info: Driver file: pdftex.def on input line 225.
("C:\Program Files\MiKTeX 2.9\tex\latex\graphics-def\pdftex.def"
File: pdftex.def 2018/01/08 v1.0l Graphics/color driver for pdftex
)
Package xcolor Info: Model `cmy' substituted by `cmy0' on input line 1348.
Package xcolor Info: Model `hsb' substituted by `rgb' on input line 1352.
Package xcolor Info: Model `RGB' extended on input line 1364.
Package xcolor Info: Model `HTML' substituted by `rgb' on input line 1366.
Package xcolor Info: Model `Hsb' substituted by `hsb' on input line 1367.
Package xcolor Info: Model `tHsb' substituted by `hsb' on input line 1368.
Package xcolor Info: Model `HSB' substituted by `hsb' on input line 1369.
Package xcolor Info: Model `Gray' substituted by `gray' on input line 1370.
Package xcolor Info: Model `wave' substituted by `hsb' on input line 1371.
) (C:\Users\ajgodfre\AppData\Roaming\MiKTeX\2.9\tex\latex\xurl\xurl.sty
Package: xurl 2020/12/30 v 0.09a modify URL breaks
(C:\Users\ajgodfre\AppData\Roaming\MiKTeX\2.9\tex\latex\url\url.sty
\Urlmuskip=\muskip11
Package: url 2013/09/16  ver 3.4  Verb mode for urls, etc.
)) ("C:\Program Files\MiKTeX 2.9\tex\latex\oberdiek\bookmark.sty"
Package: bookmark 2016/05/17 v1.26 PDF bookmarks (HO)
("C:\Program Files\MiKTeX 2.9\tex\generic\oberdiek\pdfescape.sty"
Package: pdfescape 2016/05/16 v1.14 Implements pdfTeX's escape features (HO)
("C:\Program Files\MiKTeX 2.9\tex\generic\oberdiek\ltxcmds.sty"
Package: ltxcmds 2016/05/16 v1.23 LaTeX kernel commands for general use (HO)
) ("C:\Program Files\MiKTeX 2.9\tex\generic\oberdiek\pdftexcmds.sty"
Package: pdftexcmds 2018/01/30 v0.27 Utility functions of pdfTeX for LuaTeX (HO
)
("C:\Program Files\MiKTeX 2.9\tex\generic\oberdiek\infwarerr.sty"
Package: infwarerr 2016/05/16 v1.4 Providing info/warning/error messages (HO)
) (C:\Users\ajgodfre\AppData\Roaming\MiKTeX\2.9\tex\generic\iftex\ifluatex.sty
Package: ifluatex 2019/10/25 v1.5 ifluatex legacy package. Use iftex instead.
) (C:\Users\ajgodfre\AppData\Roaming\MiKTeX\2.9\tex\generic\iftex\ifpdf.sty
Package: ifpdf 2019/10/25 v3.4 ifpdf legacy package. Use iftex instead.
)
Package pdftexcmds Info: LuaTeX not detected.
Package pdftexcmds Info: \pdf@primitive is available.
Package pdftexcmds Info: \pdf@ifprimitive is available.
Package pdftexcmds Info: \pdfdraftmode found.
)) (C:\Users\ajgodfre\AppData\Roaming\MiKTeX\2.9\tex\generic\iftex\ifxetex.sty
Package: ifxetex 2019/10/25 v0.7 ifxetex legacy package. Use iftex instead.
) (C:\Users\ajgodfre\AppData\Roaming\MiKTeX\2.9\tex\generic\iftex\ifvtex.sty
Package: ifvtex 2019/10/25 v1.7 ifvtex legacy package. Use iftex instead.
) ("C:\Program Files\MiKTeX 2.9\tex\latex\hyperref\hyperref.sty"
Package: hyperref 2018/02/06 v6.86b Hypertext links for LaTeX
("C:\Program Files\MiKTeX 2.9\tex\generic\oberdiek\hobsub-hyperref.sty"
Package: hobsub-hyperref 2016/05/16 v1.14 Bundle oberdiek, subset hyperref (HO)

("C:\Program Files\MiKTeX 2.9\tex\generic\oberdiek\hobsub-generic.sty"
Package: hobsub-generic 2016/05/16 v1.14 Bundle oberdiek, subset generic (HO)
Package: hobsub 2016/05/16 v1.14 Construct package bundles (HO)
Package hobsub Info: Skipping package `infwarerr' (already loaded).
Package hobsub Info: Skipping package `ltxcmds' (already loaded).
Package hobsub Info: Skipping package `ifluatex' (already loaded).
Package hobsub Info: Skipping package `ifvtex' (already loaded).
Package: intcalc 2016/05/16 v1.2 Expandable calculations with integers (HO)
Package hobsub Info: Skipping package `ifpdf' (already loaded).
Package: etexcmds 2016/05/16 v1.6 Avoid name clashes with e-TeX commands (HO)
Package etexcmds Info: Could not find \expanded.
(etexcmds)             That can mean that you are not using pdfTeX 1.50 or
(etexcmds)             that some package has redefined \expanded.
(etexcmds)             In the latter case, load this package earlier.
Package: kvsetkeys 2016/05/16 v1.17 Key value parser (HO)
Package: kvdefinekeys 2016/05/16 v1.4 Define keys (HO)
Package hobsub Info: Skipping package `pdftexcmds' (already loaded).
Package hobsub Info: Skipping package `pdfescape' (already loaded).
Package: bigintcalc 2016/05/16 v1.4 Expandable calculations on big integers (HO
)
Package: bitset 2016/05/16 v1.2 Handle bit-vector datatype (HO)
Package: uniquecounter 2016/05/16 v1.3 Provide unlimited unique counter (HO)
)
Package hobsub Info: Skipping package `hobsub' (already loaded).
Package: letltxmacro 2016/05/16 v1.5 Let assignment for LaTeX macros (HO)
Package: hopatch 2016/05/16 v1.3 Wrapper for package hooks (HO)
Package: xcolor-patch 2016/05/16 xcolor patch
Package: atveryend 2016/05/16 v1.9 Hooks at the very end of document (HO)
Package atveryend Info: \enddocument detected (standard20110627).
Package: atbegshi 2016/06/09 v1.18 At begin shipout hook (HO)
Package: refcount 2016/05/16 v3.5 Data extraction from label references (HO)
Package: hycolor 2016/05/16 v1.8 Color options for hyperref/bookmark (HO)
) ("C:\Program Files\MiKTeX 2.9\tex\latex\oberdiek\auxhook.sty"
Package: auxhook 2016/05/16 v1.4 Hooks for auxiliary files (HO)
) ("C:\Program Files\MiKTeX 2.9\tex\latex\oberdiek\kvoptions.sty"
Package: kvoptions 2016/05/16 v3.12 Key value format for package options (HO)
)
\@linkdim=\dimen113
\Hy@linkcounter=\count103
\Hy@pagecounter=\count104
("C:\Program Files\MiKTeX 2.9\tex\latex\hyperref\pd1enc.def"
File: pd1enc.def 2018/02/06 v6.86b Hyperref: PDFDocEncoding definition (HO)
Now handling font encoding PD1 ...
... no UTF-8 mapping file for font encoding PD1
)
\Hy@SavedSpaceFactor=\count105
("C:\Program Files\MiKTeX 2.9\tex\latex\00miktex\hyperref.cfg"
File: hyperref.cfg 2002/06/06 v1.2 hyperref configuration of TeXLive
)
Package hyperref Info: Option `unicode' set `true' on input line 4383.
("C:\Program Files\MiKTeX 2.9\tex\latex\hyperref\puenc.def"
File: puenc.def 2018/02/06 v6.86b Hyperref: PDF Unicode definition (HO)
Now handling font encoding PU ...
... no UTF-8 mapping file for font encoding PU
)
Package hyperref Info: Hyper figures OFF on input line 4509.
Package hyperref Info: Link nesting OFF on input line 4514.
Package hyperref Info: Hyper index ON on input line 4517.
Package hyperref Info: Plain pages OFF on input line 4524.
Package hyperref Info: Backreferencing OFF on input line 4529.
Package hyperref Info: Implicit mode ON; LaTeX internals redefined.
Package hyperref Info: Bookmarks ON on input line 4762.
\c@Hy@tempcnt=\count106
LaTeX Info: Redefining \url on input line 5115.
\XeTeXLinkMargin=\dimen114
\Fld@menulength=\count107
\Field@Width=\dimen115
\Fld@charsize=\dimen116
Package hyperref Info: Hyper figures OFF on input line 6369.
Package hyperref Info: Link nesting OFF on input line 6374.
Package hyperref Info: Hyper index ON on input line 6377.
Package hyperref Info: backreferencing OFF on input line 6384.
Package hyperref Info: Link coloring OFF on input line 6389.
Package hyperref Info: Link coloring with OCG OFF on input line 6394.
Package hyperref Info: PDF/A mode OFF on input line 6399.
LaTeX Info: Redefining \ref on input line 6439.
LaTeX Info: Redefining \pageref on input line 6443.
\Hy@abspage=\count108
\c@Item=\count109
\c@Hfootnote=\count110
)
Package hyperref Info: Driver (autodetected): hpdftex.
("C:\Program Files\MiKTeX 2.9\tex\latex\hyperref\hpdftex.def"
File: hpdftex.def 2018/02/06 v6.86b Hyperref driver for pdfTeX
\Fld@listcount=\count111
\c@bookmark@seq@number=\count112
("C:\Program Files\MiKTeX 2.9\tex\latex\oberdiek\rerunfilecheck.sty"
Package: rerunfilecheck 2016/05/16 v1.8 Rerun checks for auxiliary files (HO)
Package uniquecounter Info: New unique counter `rerunfilecheck' on input line 2
82.
)
\Hy@SectionHShift=\skip47
) ("C:\Program Files\MiKTeX 2.9\tex\latex\oberdiek\bkm-pdftex.def"
File: bkm-pdftex.def 2016/05/17 v1.26 bookmark driver for pdfTeX (HO)
\BKM@id=\count113
)) (C:\Users\ajgodfre\AppData\Roaming\MiKTeX\2.9\tex\latex\fancyvrb\fancyvrb.st
y
Package: fancyvrb 2008/02/07

Style option: `fancyvrb' v2.7a, with DG/SPQR fixes, and firstline=lastline fix 
<2008/02/07> (tvz)
\FV@CodeLineNo=\count114
\FV@InFile=\read1
\FV@TabBox=\box28
\c@FancyVerbLine=\count115
\FV@StepNumber=\count116
\FV@OutFile=\write3
) (C:\Users\ajgodfre\AppData\Roaming\MiKTeX\2.9\tex\latex\framed\framed.sty
Package: framed 2011/10/22 v 0.96: framed or shaded text with page breaks
\OuterFrameSep=\skip48
\fb@frw=\dimen117
\fb@frh=\dimen118
\FrameRule=\dimen119
\FrameSep=\dimen120
) ("C:\Program Files\MiKTeX 2.9\tex\latex\tools\longtable.sty"
Package: longtable 2014/10/28 v4.11 Multi-page Table package (DPC)
\LTleft=\skip49
\LTright=\skip50
\LTpre=\skip51
\LTpost=\skip52
\LTchunksize=\count117
\LTcapwidth=\dimen121
\LT@head=\box29
\LT@firsthead=\box30
\LT@foot=\box31
\LT@lastfoot=\box32
\LT@cols=\count118
\LT@rows=\count119
\c@LT@tables=\count120
\c@LT@chunks=\count121
\LT@p@ftn=\toks23
) (C:\Users\ajgodfre\AppData\Roaming\MiKTeX\2.9\tex\latex\booktabs\booktabs.sty
Package: booktabs 2005/04/14 v1.61803 publication quality tables
\heavyrulewidth=\dimen122
\lightrulewidth=\dimen123
\cmidrulewidth=\dimen124
\belowrulesep=\dimen125
\belowbottomsep=\dimen126
\aboverulesep=\dimen127
\abovetopsep=\dimen128
\cmidrulesep=\dimen129
\cmidrulekern=\dimen130
\defaultaddspace=\dimen131
\@cmidla=\count122
\@cmidlb=\count123
\@aboverulesep=\dimen132
\@belowrulesep=\dimen133
\@thisruleclass=\count124
\@lastruleclass=\count125
\@thisrulewidth=\dimen134
) ("C:\Program Files\MiKTeX 2.9\tex\latex\tools\array.sty"
Package: array 2018/04/30 v2.4h Tabular extension package (FMi)
\col@sep=\dimen135
\ar@mcellbox=\box33
\extrarowheight=\dimen136
\NC@list=\toks24
\extratabsurround=\skip53
\backup@length=\skip54
\ar@cellbox=\box34
) ("C:\Program Files\MiKTeX 2.9\tex\latex\tools\calc.sty"
Package: calc 2017/05/25 v4.3 Infix arithmetic (KKT,FJ)
\calc@Acount=\count126
\calc@Bcount=\count127
\calc@Adimen=\dimen137
\calc@Bdimen=\dimen138
\calc@Askip=\skip55
\calc@Bskip=\skip56
LaTeX Info: Redefining \setlength on input line 80.
LaTeX Info: Redefining \addtolength on input line 81.
\calc@Ccount=\count128
\calc@Cskip=\skip57
) (C:\Users\ajgodfre\AppData\Roaming\MiKTeX\2.9\tex\latex\etoolbox\etoolbox.sty
Package: etoolbox 2018/02/11 v2.5e e-TeX tools for LaTeX (JAW)
\etb@tempcnta=\count129
)
(C:\Users\ajgodfre\AppData\Roaming\MiKTeX\2.9\tex\latex\footnotehyper\footnoteh
yper.sty
Package: footnotehyper 2021/02/04 v1.1d hyperref aware footnote.sty (JFB)
\FNH@notes=\box35
\FNH@width=\dimen139
\FNH@toks=\toks25
) ("C:\Program Files\MiKTeX 2.9\tex\latex\graphics\graphicx.sty"
Package: graphicx 2017/06/01 v1.1a Enhanced LaTeX Graphics (DPC,SPQR)
("C:\Program Files\MiKTeX 2.9\tex\latex\graphics\graphics.sty"
Package: graphics 2017/06/25 v1.2c Standard LaTeX Graphics (DPC,SPQR)
("C:\Program Files\MiKTeX 2.9\tex\latex\graphics\trig.sty"
Package: trig 2016/01/03 v1.10 sin cos tan (DPC)
) ("C:\Program Files\MiKTeX 2.9\tex\latex\graphics-cfg\graphics.cfg"
File: graphics.cfg 2016/06/04 v1.11 sample graphics configuration
)
Package graphics Info: Driver file: pdftex.def on input line 99.
)
\Gin@req@height=\dimen140
\Gin@req@width=\dimen141
) (C:\Users\ajgodfre\AppData\Roaming\MiKTeX\2.9\tex\latex\natbib\natbib.sty
Package: natbib 2010/09/13 8.31b (PWD, AO)
\bibhang=\skip58
\bibsep=\skip59
LaTeX Info: Redefining \cite on input line 694.
\c@NAT@ctr=\count130
) (BrailleR.aux)
\openout1 = `BrailleR.aux'.

LaTeX Font Info:    Checking defaults for OML/cmm/m/it on input line 122.
LaTeX Font Info:    ... okay on input line 122.
LaTeX Font Info:    Checking defaults for T1/cmr/m/n on input line 122.
LaTeX Font Info:    ... okay on input line 122.
LaTeX Font Info:    Checking defaults for OT1/cmr/m/n on input line 122.
LaTeX Font Info:    ... okay on input line 122.
LaTeX Font Info:    Checking defaults for OMS/cmsy/m/n on input line 122.
LaTeX Font Info:    ... okay on input line 122.
LaTeX Font Info:    Checking defaults for OMX/cmex/m/n on input line 122.
LaTeX Font Info:    ... okay on input line 122.
LaTeX Font Info:    Checking defaults for U/cmr/m/n on input line 122.
LaTeX Font Info:    ... okay on input line 122.
LaTeX Font Info:    Checking defaults for TS1/cmr/m/n on input line 122.
LaTeX Font Info:    Try loading font information for TS1+cmr on input line 122.

("C:\Program Files\MiKTeX 2.9\tex\latex\base\ts1cmr.fd"
File: ts1cmr.fd 2014/09/29 v2.5h Standard LaTeX font definitions
)
LaTeX Font Info:    ... okay on input line 122.
LaTeX Font Info:    Checking defaults for PD1/pdf/m/n on input line 122.
LaTeX Font Info:    ... okay on input line 122.
LaTeX Font Info:    Checking defaults for PU/pdf/m/n on input line 122.
LaTeX Font Info:    ... okay on input line 122.
LaTeX Font Info:    Try loading font information for T1+lmr on input line 122.
("C:\Program Files\MiKTeX 2.9\tex\latex\lm\t1lmr.fd"
File: t1lmr.fd 2009/10/30 v1.6 Font defs for Latin Modern
)
LaTeX Info: Redefining \microtypecontext on input line 122.
Package microtype Info: Generating PDF output.
Package microtype Info: Character protrusion enabled (level 2).
Package microtype Info: Using protrusion set `basicmath'.
Package microtype Info: Automatic font expansion enabled (level 2),
(microtype)             stretch: 20, shrink: 20, step: 1, non-selected.
Package microtype Info: Using default expansion set `basictext'.
Package microtype Info: No adjustment of tracking.
Package microtype Info: No adjustment of interword spacing.
Package microtype Info: No adjustment of character kerning.
(C:\Users\ajgodfre\AppData\Roaming\MiKTeX\2.9\tex\latex\microtype\mt-cmr.cfg
File: mt-cmr.cfg 2013/05/19 v2.2 microtype config. file: Computer Modern Roman 
(RS)
) (C:\Users\ajgodfre\AppData\Roaming\MiKTeX\2.9\tex\context\base\supp-pdf.mkii
[Loading MPS to PDF converter (version 2006.09.02).]
\scratchcounter=\count131
\scratchdimen=\dimen142
\scratchbox=\box36
\nofMPsegments=\count132
\nofMParguments=\count133
\everyMPshowfont=\toks26
\MPscratchCnt=\count134
\MPscratchDim=\dimen143
\MPnumerator=\count135
\makeMPintoPDFobject=\count136
\everyMPtoPDFconversion=\toks27
) ("C:\Program Files\MiKTeX 2.9\tex\latex\oberdiek\epstopdf-base.sty"
Package: epstopdf-base 2016/05/15 v2.6 Base part for package epstopdf
("C:\Program Files\MiKTeX 2.9\tex\latex\oberdiek\grfext.sty"
Package: grfext 2016/05/16 v1.2 Manage graphics extensions (HO)
)
Package epstopdf-base Info: Redefining graphics rule for `.eps' on input line 4
38.
Package grfext Info: Graphics extension search list:
(grfext)             [.pdf,.png,.jpg,.mps,.jpeg,.jbig2,.jb2,.PDF,.PNG,.JPG,.JPE
G,.JBIG2,.JB2,.eps]
(grfext)             \AppendGraphicsExtensions on input line 456.
)
\AtBeginShipoutBox=\box37
Package hyperref Info: Link coloring OFF on input line 122.
("C:\Program Files\MiKTeX 2.9\tex\latex\hyperref\nameref.sty"
Package: nameref 2016/05/21 v2.44 Cross-referencing by name of section
("C:\Program Files\MiKTeX 2.9\tex\generic\oberdiek\gettitlestring.sty"
Package: gettitlestring 2016/05/16 v1.5 Cleanup title references (HO)
)
\c@section@level=\count137
)
LaTeX Info: Redefining \ref on input line 122.
LaTeX Info: Redefining \pageref on input line 122.
LaTeX Info: Redefining \nameref on input line 122.
LaTeX Font Info:    Try loading font information for OT1+lmr on input line 124.

("C:\Program Files\MiKTeX 2.9\tex\latex\lm\ot1lmr.fd"
File: ot1lmr.fd 2009/10/30 v1.6 Font defs for Latin Modern
)
LaTeX Font Info:    Try loading font information for OML+lmm on input line 124.

("C:\Program Files\MiKTeX 2.9\tex\latex\lm\omllmm.fd"
File: omllmm.fd 2009/10/30 v1.6 Font defs for Latin Modern
)
LaTeX Font Info:    Try loading font information for OMS+lmsy on input line 124
.
("C:\Program Files\MiKTeX 2.9\tex\latex\lm\omslmsy.fd"
File: omslmsy.fd 2009/10/30 v1.6 Font defs for Latin Modern
)
LaTeX Font Info:    Try loading font information for OMX+lmex on input line 124
.
("C:\Program Files\MiKTeX 2.9\tex\latex\lm\omxlmex.fd"
File: omxlmex.fd 2009/10/30 v1.6 Font defs for Latin Modern
)
LaTeX Font Info:    External font `lmex10' loaded for size
(Font)              <12> on input line 124.
LaTeX Font Info:    External font `lmex10' loaded for size
(Font)              <8> on input line 124.
LaTeX Font Info:    External font `lmex10' loaded for size
(Font)              <6> on input line 124.
LaTeX Font Info:    Try loading font information for U+msa on input line 124.
("C:\Program Files\MiKTeX 2.9\tex\latex\amsfonts\umsa.fd"
File: umsa.fd 2013/01/14 v3.01 AMS symbols A
) (C:\Users\ajgodfre\AppData\Roaming\MiKTeX\2.9\tex\latex\microtype\mt-msa.cfg
File: mt-msa.cfg 2006/02/04 v1.1 microtype config. file: AMS symbols (a) (RS)
)
LaTeX Font Info:    Try loading font information for U+msb on input line 124.
("C:\Program Files\MiKTeX 2.9\tex\latex\amsfonts\umsb.fd"
File: umsb.fd 2013/01/14 v3.01 AMS symbols B
) (C:\Users\ajgodfre\AppData\Roaming\MiKTeX\2.9\tex\latex\microtype\mt-msb.cfg
File: mt-msb.cfg 2005/06/01 v1.0 microtype config. file: AMS symbols (b) (RS)
) [1


{C:/Users/ajgodfre/AppData/Local/MiKTeX/2.9/pdftex/config/pdftex.map}] [2

] (BrailleR.toc
LaTeX Font Info:    External font `lmex10' loaded for size
(Font)              <10> on input line 5.
LaTeX Font Info:    External font `lmex10' loaded for size
(Font)              <7> on input line 5.
LaTeX Font Info:    External font `lmex10' loaded for size
(Font)              <5> on input line 5.
[3] [4])
\tf@toc=\write4
\openout4 = `BrailleR.toc'.

[5] [6

]
LaTeX Font Info:    Try loading font information for T1+lmtt on input line 135.

("C:\Program Files\MiKTeX 2.9\tex\latex\lm\t1lmtt.fd"
File: t1lmtt.fd 2009/10/30 v1.6 Font defs for Latin Modern
) [7] [8]
Chapter 1.
[9

] [10]
Overfull \hbox (17.73979pt too wide) has occurred while \output is active
\T1/lmr/m/sl/10 1.2.  WHY WILL I USE THE BRAILLER PACKAGE IF I AM NOT A NOVICE?
 \T1/lmr/m/n/10 11
 []

[11] [12]
Chapter 2.
[13

]
Underfull \vbox (badness 2970) has occurred while \output is active []

[14]
LaTeX Font Info:    Try loading font information for TS1+lmtt on input line 279
.
("C:\Program Files\MiKTeX 2.9\tex\latex\lm\ts1lmtt.fd"
File: ts1lmtt.fd 2009/10/30 v1.6 Font defs for Latin Modern
)
<02-History_files/figure-latex/hist-1.pdf, id=310, 469.755pt x 325.215pt>
File: 02-History_files/figure-latex/hist-1.pdf Graphic file (type pdf)
<use 02-History_files/figure-latex/hist-1.pdf>
Package pdftex.def Info: 02-History_files/figure-latex/hist-1.pdf  used on inpu
t line 308.
(pdftex.def)             Requested size: 344.997pt x 238.84406pt.

Overfull \hbox (1.499pt too wide) in paragraph at lines 334--334
[]\T1/lmtt/m/n/10 ## Tick marks for the x-axis are at: -3, -2, -1, 0, 1, 2, 3, 
and 4[] 
 []


Overfull \hbox (17.24895pt too wide) in paragraph at lines 334--334
[]\T1/lmtt/m/n/10 ## It has 14 bins with equal widths, starting at -3 and endin
g at 4 .[] 
 []

[15] [16 <./02-History_files/figure-latex/hist-1.pdf>]
Underfull \vbox (badness 10000) has occurred while \output is active []

[17]
Underfull \vbox (badness 10000) has occurred while \output is active []

[18]
Underfull \vbox (badness 10000) has occurred while \output is active []

[19] [20]
Chapter 3.
[21

] [22] [23] [24]
Underfull \hbox (badness 2318) in paragraph at lines 511--512
\T1/lmtt/m/n/10 GetGoing()\T1/lmr/m/n/10 (+20) . You might find it use-ful to u
se \T1/lmtt/m/n/10 BrailleRHome() \T1/lmr/m/n/10 (+20) and
 []

[25] [26

]
Chapter 4.
[27] [28]
<04a-VIInAction_files/figure-latex/hist-1.pdf, id=502, 505.89pt x 361.35pt>
File: 04a-VIInAction_files/figure-latex/hist-1.pdf Graphic file (type pdf)
<use 04a-VIInAction_files/figure-latex/hist-1.pdf>
Package pdftex.def Info: 04a-VIInAction_files/figure-latex/hist-1.pdf  used on 
input line 556.
(pdftex.def)             Requested size: 345.00414pt x 246.43153pt.

Overfull \hbox (69.7488pt too wide) in paragraph at lines 619--619
[] \T1/lmtt/m/n/10 [1] -3.5 -3.0 -2.5 -2.0 -1.5 -1.0 -0.5  0.0  0.5  1.0  1.5  
2.0  2.5  3.0  3.5[] 
 []

[29 <./04a-VIInAction_files/figure-latex/hist-1.pdf>]
Overfull \hbox (53.99884pt too wide) in paragraph at lines 619--619
[] \T1/lmtt/m/n/10 [1] 0.002 0.010 0.026 0.112 0.172 0.294 0.340 0.420 0.320 0.
176 0.094 0.020[] 
 []


Overfull \hbox (53.99884pt too wide) in paragraph at lines 619--619
[] \T1/lmtt/m/n/10 [1] -3.25 -2.75 -2.25 -1.75 -1.25 -0.75 -0.25  0.25  0.75  1
.25  1.75  2.25[] 
 []

[30]
Overfull \hbox (2689.49118pt too wide) in paragraph at lines 645--645
[]\T1/lmtt/m/n/10 General description: A histogram uses rectangles to represent
 the counts or relative frequencies of observations falling in each subrange of
 the numeric variable being investigated. The rectangles are standing side by s
ide with their bottom end at the zero mark of the vertical axis. The widths of 
the rectangles are usually constant, but this can be altered by the user. A sig
hted person uses the heights and therefore the areas of the rectangles to help 
determine the overall shape of the distribution, the presence of gaps in the da
ta, and any outliers that might be present.[] 
 []


Overfull \hbox (1460.99475pt too wide) in paragraph at lines 645--645
[]\T1/lmtt/m/n/10 As with most graphs created by the base graphics package, the
 axes do not join at the bottom left corner and are separated from the area whe
re the data are being plotted. Tick marks are automatically chosen for the data
, and the axes may not extend past the ends of variables being plotted.The vert
ical axis for frequency always starts at zero.[] 
 []


Overfull \hbox (1754.9939pt too wide) in paragraph at lines 645--645
[]\T1/lmtt/m/n/10 R normally plots a graph in a square window. This can be alte
red; the way this is done depends heavily on the method being used to create th
e graph. See the help on win.graph() or  x11() for the graphs made in an intera
ctive  session or part of an R script; png(), pdf() or postscript() for specifi
c file formats being created; or, use fig.height and fig.width arguments in you
r R markdown documents.[] 
 []


Overfull \hbox (500.24754pt too wide) in paragraph at lines 645--645
[]\T1/lmtt/m/n/10 R hints: If you intend to make a tactile version of a histogr
am, you may find it useful to alter the aspect ratio so that the histogram is w
ider than it is tall.[] 
 []

[31]
Overfull \hbox (22.49893pt too wide) in paragraph at lines 677--677
[]\T1/lmtt/m/n/10 It has 14 bins with equal widths, starting at -3.5 and ending
 at 3.5 .[] 
 []

[32]
Overfull \hbox (185.24846pt too wide) in paragraph at lines 741--741
[]\T1/lmtt/m/n/10 Ozone: Min. 1   1st Qu. 18   Median 31.5   Mean 42.1293103448
276   3rd Qu. 63.25   Max. 168   NA\TS1/lmtt/m/n/10 '\T1/lmtt/m/n/10 s 37[] 
 []


Overfull \hbox (211.49838pt too wide) in paragraph at lines 741--741
[]\T1/lmtt/m/n/10 Solar.R: Min. 7   1st Qu. 115.75   Median 205   Mean 185.9315
06849315   3rd Qu. 258.75   Max. 334   NA\TS1/lmtt/m/n/10 '\T1/lmtt/m/n/10 s 7[
] 
 []


Overfull \hbox (137.9986pt too wide) in paragraph at lines 741--741
[]\T1/lmtt/m/n/10 Wind: Min. 1.7   1st Qu. 7.4   Median 9.7   Mean 9.9575163398
6928   3rd Qu. 11.5   Max. 20.7[] 
 []


Overfull \hbox (101.2487pt too wide) in paragraph at lines 741--741
[]\T1/lmtt/m/n/10 Temp: Min. 56   1st Qu. 72   Median 79   Mean 77.882352941176
5   3rd Qu. 85   Max. 97[] 
 []

[33]
Overfull \hbox (80.24876pt too wide) in paragraph at lines 741--741
[]\T1/lmtt/m/n/10 Month: Min. 5   1st Qu. 6   Median 7   Mean 6.99346405228758 
  3rd Qu. 8   Max. 9[] 
 []


Overfull \hbox (85.49875pt too wide) in paragraph at lines 741--741
[]\T1/lmtt/m/n/10 Day: Min. 1   1st Qu. 8   Median 16   Mean 15.8039215686275  
 3rd Qu. 23   Max. 31[] 
 []

[34]
Chapter 5.
[35

]
Overfull \hbox (128.43767pt too wide) has occurred while \output is active
\T1/lmr/m/n/10 36 \T1/lmr/m/sl/10 CHAPTER 5.  NEW BRAILLER COMMANDS FOR MAKING 
AND INTERPRETING BASIC GRAPHS
 []

[36]
LaTeX Font Info:    Try loading font information for TS1+lmr on input line 792.

("C:\Program Files\MiKTeX 2.9\tex\latex\lm\ts1lmr.fd"
File: ts1lmr.fd 2009/10/30 v1.6 Font defs for Latin Modern
) [37]
Underfull \vbox (badness 4899) has occurred while \output is active []


Overfull \hbox (128.43767pt too wide) has occurred while \output is active
\T1/lmr/m/n/10 38 \T1/lmr/m/sl/10 CHAPTER 5.  NEW BRAILLER COMMANDS FOR MAKING 
AND INTERPRETING BASIC GRAPHS
 []

[38]
<04b-NewGraphCommands_files/figure-latex/exampleHist-1.pdf, id=576, 361.35pt x 
505.89pt>
File: 04b-NewGraphCommands_files/figure-latex/exampleHist-1.pdf Graphic file (t
ype pdf)
<use 04b-NewGraphCommands_files/figure-latex/exampleHist-1.pdf>
Package pdftex.def Info: 04b-NewGraphCommands_files/figure-latex/exampleHist-1.
pdf  used on input line 843.
(pdftex.def)             Requested size: 345.00084pt x 483.00116pt.

Overfull \hbox (69.7488pt too wide) in paragraph at lines 873--873
[] \T1/lmtt/m/n/10 [1] -3.5 -3.0 -2.5 -2.0 -1.5 -1.0 -0.5  0.0  0.5  1.0  1.5  
2.0  2.5  3.0  3.5[] 
 []


Overfull \hbox (53.99884pt too wide) in paragraph at lines 873--873
[] \T1/lmtt/m/n/10 [1] 0.002 0.010 0.048 0.096 0.204 0.294 0.372 0.416 0.240 0.
204 0.072 0.026[] 
 []


Overfull \hbox (53.99884pt too wide) in paragraph at lines 873--873
[] \T1/lmtt/m/n/10 [1] -3.25 -2.75 -2.25 -1.75 -1.25 -0.75 -0.25  0.25  0.75  1
.25  1.75  2.25[] 
 []


Overfull \hbox (158.99854pt too wide) in paragraph at lines 873--873
[]\T1/lmtt/m/n/10 > MyHist = hist(x, xlab = "random normal values", main = "Exa
mple histogram (BrailleR package)")[] 
 []

<04b-NewGraphCommands_files/figure-latex/exampleHist-2.pdf, id=577, 361.35pt x 
505.89pt>
File: 04b-NewGraphCommands_files/figure-latex/exampleHist-2.pdf Graphic file (t
ype pdf)
<use 04b-NewGraphCommands_files/figure-latex/exampleHist-2.pdf>
Package pdftex.def Info: 04b-NewGraphCommands_files/figure-latex/exampleHist-2.
pdf  used on input line 877.
(pdftex.def)             Requested size: 345.00084pt x 483.00116pt.

Overfull \hbox (69.7488pt too wide) in paragraph at lines 965--965
[] \T1/lmtt/m/n/10 [1] -3.5 -3.0 -2.5 -2.0 -1.5 -1.0 -0.5  0.0  0.5  1.0  1.5  
2.0  2.5  3.0  3.5[] 
 []

[39]
Overfull \hbox (128.43767pt too wide) has occurred while \output is active
\T1/lmr/m/n/10 40 \T1/lmr/m/sl/10 CHAPTER 5.  NEW BRAILLER COMMANDS FOR MAKING 
AND INTERPRETING BASIC GRAPHS
 []

[40 <./04b-NewGraphCommands_files/figure-latex/exampleHist-1.pdf>] [41 <./04b-N
ewGraphCommands_files/figure-latex/exampleHist-2.pdf>]
Overfull \hbox (53.99884pt too wide) in paragraph at lines 965--965
[] \T1/lmtt/m/n/10 [1] 0.002 0.010 0.048 0.096 0.204 0.294 0.372 0.416 0.240 0.
204 0.072 0.026[] 
 []


Overfull \hbox (53.99884pt too wide) in paragraph at lines 965--965
[] \T1/lmtt/m/n/10 [1] -3.25 -2.75 -2.25 -1.75 -1.25 -0.75 -0.25  0.25  0.75  1
.25  1.75  2.25[] 
 []


Overfull \hbox (128.43767pt too wide) has occurred while \output is active
\T1/lmr/m/n/10 42 \T1/lmr/m/sl/10 CHAPTER 5.  NEW BRAILLER COMMANDS FOR MAKING 
AND INTERPRETING BASIC GRAPHS
 []

[42]
Overfull \hbox (22.49893pt too wide) in paragraph at lines 965--965
[]\T1/lmtt/m/n/10 It has 14 bins with equal widths, starting at -3.5 and ending
 at 3.5 .[] 
 []


Underfull \vbox (badness 10000) has occurred while \output is active []

[43]
Overfull \hbox (22.49893pt too wide) in paragraph at lines 997--997
[]\T1/lmtt/m/n/10 Warning in plot.xy(xy, type, ...): "base" is not a graphical 
parameter[] 
 []


Overfull \hbox (53.99884pt too wide) in paragraph at lines 1005--1005
[]\T1/lmtt/m/n/10 Warning in axis(side = side, at = at, labels = labels, ...): 
"base" is not a[] 
 []


Overfull \hbox (53.99884pt too wide) in paragraph at lines 1005--1005
[]\T1/lmtt/m/n/10 Warning in axis(side = side, at = at, labels = labels, ...): 
"base" is not a[] 
 []


Overfull \hbox (128.43767pt too wide) has occurred while \output is active
\T1/lmr/m/n/10 44 \T1/lmr/m/sl/10 CHAPTER 5.  NEW BRAILLER COMMANDS FOR MAKING 
AND INTERPRETING BASIC GRAPHS
 []

[44]
Overfull \hbox (22.49893pt too wide) in paragraph at lines 1036--1036
[]\T1/lmtt/m/n/10 Warning in plot.xy(xy, type, ...): "base" is not a graphical 
parameter[] 
 []


Overfull \hbox (53.99884pt too wide) in paragraph at lines 1044--1044
[]\T1/lmtt/m/n/10 Warning in axis(side = side, at = at, labels = labels, ...): 
"base" is not a[] 
 []


Overfull \hbox (53.99884pt too wide) in paragraph at lines 1044--1044
[]\T1/lmtt/m/n/10 Warning in axis(side = side, at = at, labels = labels, ...): 
"base" is not a[] 
 []

<04b-NewGraphCommands_files/figure-latex/exampleScatterPlot-1.pdf, id=618, 578.
16pt x 578.16pt>
File: 04b-NewGraphCommands_files/figure-latex/exampleScatterPlot-1.pdf Graphic 
file (type pdf)
<use 04b-NewGraphCommands_files/figure-latex/exampleScatterPlot-1.pdf>
Package pdftex.def Info: 04b-NewGraphCommands_files/figure-latex/exampleScatter
Plot-1.pdf  used on input line 1060.
(pdftex.def)             Requested size: 344.99312pt x 344.99312pt.
[45 <./04b-NewGraphCommands_files/figure-latex/exampleScatterPlot-1.pdf>]
<04b-NewGraphCommands_files/figure-latex/addGridLines-1.pdf, id=629, 433.62pt x
 433.62pt>
File: 04b-NewGraphCommands_files/figure-latex/addGridLines-1.pdf Graphic file (
type pdf)
<use 04b-NewGraphCommands_files/figure-latex/addGridLines-1.pdf>
Package pdftex.def Info: 04b-NewGraphCommands_files/figure-latex/addGridLines-1
.pdf  used on input line 1089.
(pdftex.def)             Requested size: 345.01738pt x 345.01738pt.

Overfull \hbox (128.43767pt too wide) has occurred while \output is active
\T1/lmr/m/n/10 46 \T1/lmr/m/sl/10 CHAPTER 5.  NEW BRAILLER COMMANDS FOR MAKING 
AND INTERPRETING BASIC GRAPHS
 []

[46] [47 <./04b-NewGraphCommands_files/figure-latex/addGridLines-1.pdf>]
Overfull \hbox (128.43767pt too wide) has occurred while \output is active
\T1/lmr/m/n/10 48 \T1/lmr/m/sl/10 CHAPTER 5.  NEW BRAILLER COMMANDS FOR MAKING 
AND INTERPRETING BASIC GRAPHS
 []

[48]
Chapter 6.

Underfull \vbox (badness 2443) has occurred while \output is active []

[49

] [50] [51] [52]
Chapter 7.
[53

]
Overfull \hbox (61.63365pt too wide) has occurred while \output is active
\T1/lmr/m/n/10 54 \T1/lmr/m/sl/10 CHAPTER 7.  USE OF R MARKDOWN TO GENERATE AN 
ANALYSIS EFFICIENTLY
 []

[54] [55]
Overfull \hbox (32.9989pt too wide) in paragraph at lines 1343--1343
[]\T1/lmtt/m/n/10 # N.B. Various files and a folder were created in a temporary
 directory.[] 
 []


Overfull \hbox (61.63365pt too wide) has occurred while \output is active
\T1/lmr/m/n/10 56 \T1/lmr/m/sl/10 CHAPTER 7.  USE OF R MARKDOWN TO GENERATE AN 
ANALYSIS EFFICIENTLY
 []

[56]
Overfull \hbox (53.99884pt too wide) in paragraph at lines 1374--1374
[]\T1/lmtt/m/n/10 opts_chunk$set(comment="", echo=FALSE, fig.path="Ozone/Ozone-
", fig.width=7)[] 
 []

[57]
Underfull \vbox (badness 10000) has occurred while \output is active []


Overfull \hbox (61.63365pt too wide) has occurred while \output is active
\T1/lmr/m/n/10 58 \T1/lmr/m/sl/10 CHAPTER 7.  USE OF R MARKDOWN TO GENERATE AN 
ANALYSIS EFFICIENTLY
 []

[58]
Overfull \hbox (32.9989pt too wide) in paragraph at lines 1450--1450
[]\T1/lmtt/m/n/10 # N.B. Various files and a folder were created in a temporary
 directory.[] 
 []


Overfull \hbox (179.33524pt too wide) has occurred while \output is active
\T1/lmr/m/sl/10 7.4.  ANALYSIS OF A SINGLE CONTINUOUS VARIABLE WITH RESPECT TO 
A SINGLE GROUPING FACTOR \T1/lmr/m/n/10 59
 []

[59]
Overfull \hbox (61.63365pt too wide) has occurred while \output is active
\T1/lmr/m/n/10 60 \T1/lmr/m/sl/10 CHAPTER 7.  USE OF R MARKDOWN TO GENERATE AN 
ANALYSIS EFFICIENTLY
 []

[60]
<05-MarkdownInAction_files/figure-latex/AirQuality_lm-1.pdf, id=773, 650.43pt x
 650.43pt>
File: 05-MarkdownInAction_files/figure-latex/AirQuality_lm-1.pdf Graphic file (
type pdf)
<use 05-MarkdownInAction_files/figure-latex/AirQuality_lm-1.pdf>
Package pdftex.def Info: 05-MarkdownInAction_files/figure-latex/AirQuality_lm-1
.pdf  used on input line 1510.
(pdftex.def)             Requested size: 345.00415pt x 345.00415pt.
[61]
Overfull \hbox (61.63365pt too wide) has occurred while \output is active
\T1/lmr/m/n/10 62 \T1/lmr/m/sl/10 CHAPTER 7.  USE OF R MARKDOWN TO GENERATE AN 
ANALYSIS EFFICIENTLY
 []

[62 <./05-MarkdownInAction_files/figure-latex/AirQuality_lm-1.pdf>]
Overfull \hbox (1.499pt too wide) in paragraph at lines 1564--1564
[] \T1/lmtt/m/n/10 & Ozone & Wind & Fit & St.residual & Leverage & Cooks.distan
ce \\[] 
 []


Overfull \hbox (17.24895pt too wide) in paragraph at lines 1564--1564
[]\T1/lmtt/m/n/10 \caption{Listing of suspected outliers and influential observ
ations.}[] 
 []


Underfull \vbox (badness 10000) has occurred while \output is active []

[63]
Overfull \hbox (32.9989pt too wide) in paragraph at lines 1598--1598
[]\T1/lmtt/m/n/10 # N.B. Various files and a folder were created in a temporary
 directory.[] 
 []


Overfull \hbox (61.63365pt too wide) has occurred while \output is active
\T1/lmr/m/n/10 64 \T1/lmr/m/sl/10 CHAPTER 7.  USE OF R MARKDOWN TO GENERATE AN 
ANALYSIS EFFICIENTLY
 []

[64] [65]
Overfull \hbox (61.63365pt too wide) has occurred while \output is active
\T1/lmr/m/n/10 66 \T1/lmr/m/sl/10 CHAPTER 7.  USE OF R MARKDOWN TO GENERATE AN 
ANALYSIS EFFICIENTLY
 []

[66

]
Chapter 8.
[67] [68]
Chapter 9.

Overfull \hbox (74.99878pt too wide) in paragraph at lines 1668--1668
[]\T1/lmtt/m/n/10 -- Attaching packages ---------------------------------------
 tidyverse 1.3.1 --[] 
 []

[69

]
Overfull \hbox (74.99878pt too wide) in paragraph at lines 1681--1681
[]\T1/lmtt/m/n/10 -- Conflicts ------------------------------------------ tidyv
erse_conflicts() --[] 
 []

[70] [71]
Overfull \hbox (11.99896pt too wide) in paragraph at lines 1784--1784
[] \T1/lmtt/m/n/10 $ MeanHeight: num [1:25] 79 198 96.5 112 88 201 175 188 221 
188 ...[] 
 []

[72]
Overfull \hbox (80.24876pt too wide) in paragraph at lines 1804--1804
[]\T1/lmtt/m/n/10 N: Min. 2   1st Qu. 2   Median 2   Mean 5.16666666666667   3r
d Qu. 2.75   Max. 20[] 
 []


Overfull \hbox (164.24852pt too wide) in paragraph at lines 1804--1804
[]\T1/lmtt/m/n/10 MeanHeight: Min. 96.5   1st Qu. 176   Median 190   Mean 183.9
16666666667   3rd Qu. 216   Max. 231[] 
 []

[73] [74]
Chapter 10.
[75

]
<09-GGPlot_files/figure-latex/p11a-1.pdf, id=904, 505.89pt x 361.35pt>
File: 09-GGPlot_files/figure-latex/p11a-1.pdf Graphic file (type pdf)
<use 09-GGPlot_files/figure-latex/p11a-1.pdf>
Package pdftex.def Info: 09-GGPlot_files/figure-latex/p11a-1.pdf  used on input
 line 1871.
(pdftex.def)             Requested size: 345.00414pt x 246.43153pt.
[76 <./09-GGPlot_files/figure-latex/p11a-1.pdf>]
Overfull \hbox (38.24889pt too wide) in paragraph at lines 1904--1904
[]\T1/lmtt/m/n/10 There is a legend indicating colour is used to show color, wi
th 7 levels:[] 
 []

<09-GGPlot_files/figure-latex/fig2-2b-1.pdf, id=919, 505.89pt x 361.35pt>
File: 09-GGPlot_files/figure-latex/fig2-2b-1.pdf Graphic file (type pdf)
<use 09-GGPlot_files/figure-latex/fig2-2b-1.pdf>
Package pdftex.def Info: 09-GGPlot_files/figure-latex/fig2-2b-1.pdf  used on in
put line 1923.
(pdftex.def)             Requested size: 345.00414pt x 246.43153pt.

Overfull \hbox (22.49893pt too wide) in paragraph at lines 1938--1938
[]\T1/lmtt/m/n/10 There is a legend indicating shape is used to show cut, with 
5 levels:[] 
 []

<09-GGPlot_files/figure-latex/fig2-3b-1.pdf, id=920, 505.89pt x 361.35pt>
File: 09-GGPlot_files/figure-latex/fig2-3b-1.pdf Graphic file (type pdf)
<use 09-GGPlot_files/figure-latex/fig2-3b-1.pdf>
Package pdftex.def Info: 09-GGPlot_files/figure-latex/fig2-3b-1.pdf  used on in
put line 1951.
(pdftex.def)             Requested size: 345.00414pt x 246.43153pt.
[77] [78 <./09-GGPlot_files/figure-latex/fig2-2b-1.pdf> <./09-GGPlot_files/figu
re-latex/fig2-3b-1.pdf>]
<09-GGPlot_files/figure-latex/fig2-4a-1.pdf, id=945, 505.89pt x 361.35pt>
File: 09-GGPlot_files/figure-latex/fig2-4a-1.pdf Graphic file (type pdf)
<use 09-GGPlot_files/figure-latex/fig2-4a-1.pdf>
Package pdftex.def Info: 09-GGPlot_files/figure-latex/fig2-4a-1.pdf  used on in
put line 1978.
(pdftex.def)             Requested size: 345.00414pt x 246.43153pt.

Overfull \hbox (38.24889pt too wide) in paragraph at lines 1989--1989
[]\T1/lmtt/m/n/10 It has y-axis \TS1/lmtt/m/n/10 '\T1/lmtt/m/n/10 price\TS1/lmt
t/m/n/10 ' \T1/lmtt/m/n/10 with labels 0, 5000, 10000, 15000, 20000 and 25000.[
] 
 []


Overfull \hbox (6.74898pt too wide) in paragraph at lines 1989--1989
[]\T1/lmtt/m/n/10 Layer 2 is a \TS1/lmtt/m/n/10 '\T1/lmtt/m/n/10 lowess\TS1/lmt
t/m/n/10 ' \T1/lmtt/m/n/10 smoothed curve with 95% confidence intervals.[] 
 []


Underfull \vbox (badness 10000) has occurred while \output is active []

[79 <./09-GGPlot_files/figure-latex/fig2-4a-1.pdf>]
<09-GGPlot_files/figure-latex/fig2-8a-1.pdf, id=961, 505.89pt x 361.35pt>
File: 09-GGPlot_files/figure-latex/fig2-8a-1.pdf Graphic file (type pdf)
<use 09-GGPlot_files/figure-latex/fig2-8a-1.pdf>
Package pdftex.def Info: 09-GGPlot_files/figure-latex/fig2-8a-1.pdf  used on in
put line 2003.
(pdftex.def)             Requested size: 345.00414pt x 246.43153pt.
<09-GGPlot_files/figure-latex/fig2-8b-1.pdf, id=962, 505.89pt x 361.35pt>
File: 09-GGPlot_files/figure-latex/fig2-8b-1.pdf Graphic file (type pdf)
<use 09-GGPlot_files/figure-latex/fig2-8b-1.pdf>
Package pdftex.def Info: 09-GGPlot_files/figure-latex/fig2-8b-1.pdf  used on in
put line 2021.
(pdftex.def)             Requested size: 345.00414pt x 246.43153pt.

Underfull \vbox (badness 10000) has occurred while \output is active []

[80 <./09-GGPlot_files/figure-latex/fig2-8a-1.pdf>]
Overfull \hbox (206.2484pt too wide) in paragraph at lines 2049--2049
[]\T1/lmtt/m/n/10 It has median 3410.53. The box goes from 2455 to 4749.31, and
 the whiskers extend to 1128.12 and 8183.33.[] 
 []


Overfull \hbox (216.74837pt too wide) in paragraph at lines 2049--2049
[]\T1/lmtt/m/n/10 It has median 3253.66. The box goes from 2430.3 to 4508.41, a
nd the whiskers extend to 1078.12 and 7616.39.[] 
 []


Overfull \hbox (195.74843pt too wide) in paragraph at lines 2049--2049
[]\T1/lmtt/m/n/10 It has median 3494.32. The box goes from 2587.1 to 4947.22, a
nd the whiskers extend to 1168 and 8477.5.[] 
 []


Overfull \hbox (200.99841pt too wide) in paragraph at lines 2049--2049
[]\T1/lmtt/m/n/10 It has median 3490.38. The box goes from 2538.24 to 5500, and
 the whiskers extend to 1139.02 and 9937.2.[] 
 []


Overfull \hbox (206.2484pt too wide) in paragraph at lines 2049--2049
[]\T1/lmtt/m/n/10 It has median 3818.89. The box goes from 2396.88 to 5127.28, 
and the whiskers extend to 1051.16 and 9220.[] 
 []


Overfull \hbox (216.74837pt too wide) in paragraph at lines 2049--2049
[]\T1/lmtt/m/n/10 It has median 3779.74. The box goes from 2344.65 to 5196.75, 
and the whiskers extend to 1151.72 and 9397.5.[] 
 []


Overfull \hbox (206.2484pt too wide) in paragraph at lines 2049--2049
[]\T1/lmtt/m/n/10 It has median 3780. The box goes from 2562.87 to 4927.95, and
 the whiskers extend to 1080.65 and 8426.13.[] 
 []


Underfull \vbox (badness 10000) has occurred while \output is active []


Overfull \hbox (72.74306pt too wide) has occurred while \output is active
\T1/lmr/m/sl/10 10.1.  PLOTTING A CONTINUOUS VARIABLE AGAINST A CATEGORICAL VAR
IABLE \T1/lmr/m/n/10 81
 []

[81 <./09-GGPlot_files/figure-latex/fig2-8b-1.pdf>]
<09-GGPlot_files/figure-latex/fig2-9b-1.pdf, id=982, 505.89pt x 361.35pt>
File: 09-GGPlot_files/figure-latex/fig2-9b-1.pdf Graphic file (type pdf)
<use 09-GGPlot_files/figure-latex/fig2-9b-1.pdf>
Package pdftex.def Info: 09-GGPlot_files/figure-latex/fig2-9b-1.pdf  used on in
put line 2062.
(pdftex.def)             Requested size: 345.00414pt x 246.43153pt.

Overfull \hbox (1.499pt too wide) in paragraph at lines 2086--2086
[]\TS1/lmtt/m/n/10 `\T1/lmtt/m/n/10 stat_bin()\TS1/lmtt/m/n/10 ` \T1/lmtt/m/n/1
0 using \TS1/lmtt/m/n/10 `\T1/lmtt/m/n/10 bins = 30\TS1/lmtt/m/n/10 `\T1/lmtt/m
/n/10 . Pick better value with \TS1/lmtt/m/n/10 `\T1/lmtt/m/n/10 binwidth\TS1/l
mtt/m/n/10 `\T1/lmtt/m/n/10 .[] 
 []

<09-GGPlot_files/figure-latex/fig2-10a-1.pdf, id=983, 505.89pt x 361.35pt>
File: 09-GGPlot_files/figure-latex/fig2-10a-1.pdf Graphic file (type pdf)
<use 09-GGPlot_files/figure-latex/fig2-10a-1.pdf>
Package pdftex.def Info: 09-GGPlot_files/figure-latex/fig2-10a-1.pdf  used on i
nput line 2090.
(pdftex.def)             Requested size: 345.00414pt x 246.43153pt.
[82 <./09-GGPlot_files/figure-latex/fig2-9b-1.pdf>]
<09-GGPlot_files/figure-latex/fig2-10b-1.pdf, id=1002, 505.89pt x 361.35pt>
File: 09-GGPlot_files/figure-latex/fig2-10b-1.pdf Graphic file (type pdf)
<use 09-GGPlot_files/figure-latex/fig2-10b-1.pdf>
Package pdftex.def Info: 09-GGPlot_files/figure-latex/fig2-10b-1.pdf  used on i
nput line 2112.
(pdftex.def)             Requested size: 345.00414pt x 246.43153pt.
<09-GGPlot_files/figure-latex/fig2-11c-1.pdf, id=1003, 505.89pt x 361.35pt>
File: 09-GGPlot_files/figure-latex/fig2-11c-1.pdf Graphic file (type pdf)
<use 09-GGPlot_files/figure-latex/fig2-11c-1.pdf>
Package pdftex.def Info: 09-GGPlot_files/figure-latex/fig2-11c-1.pdf  used on i
nput line 2144.
(pdftex.def)             Requested size: 345.00414pt x 246.43153pt.

Overfull \hbox (72.74306pt too wide) has occurred while \output is active
\T1/lmr/m/sl/10 10.1.  PLOTTING A CONTINUOUS VARIABLE AGAINST A CATEGORICAL VAR
IABLE \T1/lmr/m/n/10 83
 []

[83 <./09-GGPlot_files/figure-latex/fig2-10a-1.pdf>] [84 <./09-GGPlot_files/fig
ure-latex/fig2-10b-1.pdf> <./09-GGPlot_files/figure-latex/fig2-11c-1.pdf>]
<09-GGPlot_files/figure-latex/fig2-12a-1.pdf, id=1032, 505.89pt x 361.35pt>
File: 09-GGPlot_files/figure-latex/fig2-12a-1.pdf Graphic file (type pdf)
<use 09-GGPlot_files/figure-latex/fig2-12a-1.pdf>
Package pdftex.def Info: 09-GGPlot_files/figure-latex/fig2-12a-1.pdf  used on i
nput line 2166.
(pdftex.def)             Requested size: 345.00414pt x 246.43153pt.

Overfull \hbox (38.24889pt too wide) in paragraph at lines 2183--2183
[]\T1/lmtt/m/n/10 There is a legend indicating colour is used to show color, wi
th 7 levels:[] 
 []


Overfull \hbox (72.74306pt too wide) has occurred while \output is active
\T1/lmr/m/sl/10 10.1.  PLOTTING A CONTINUOUS VARIABLE AGAINST A CATEGORICAL VAR
IABLE \T1/lmr/m/n/10 85
 []

[85 <./09-GGPlot_files/figure-latex/fig2-12a-1.pdf>]
Overfull \hbox (1.499pt too wide) in paragraph at lines 2194--2194
[]\TS1/lmtt/m/n/10 `\T1/lmtt/m/n/10 stat_bin()\TS1/lmtt/m/n/10 ` \T1/lmtt/m/n/1
0 using \TS1/lmtt/m/n/10 `\T1/lmtt/m/n/10 bins = 30\TS1/lmtt/m/n/10 `\T1/lmtt/m
/n/10 . Pick better value with \TS1/lmtt/m/n/10 `\T1/lmtt/m/n/10 binwidth\TS1/l
mtt/m/n/10 `\T1/lmtt/m/n/10 .[] 
 []

<09-GGPlot_files/figure-latex/fig2-12b-1.pdf, id=1044, 505.89pt x 361.35pt>
File: 09-GGPlot_files/figure-latex/fig2-12b-1.pdf Graphic file (type pdf)
<use 09-GGPlot_files/figure-latex/fig2-12b-1.pdf>
Package pdftex.def Info: 09-GGPlot_files/figure-latex/fig2-12b-1.pdf  used on i
nput line 2198.
(pdftex.def)             Requested size: 345.00414pt x 246.43153pt.

Overfull \hbox (27.74892pt too wide) in paragraph at lines 2216--2216
[]\T1/lmtt/m/n/10 There is a legend indicating fill is used to show color, with
 7 levels:[] 
 []


Underfull \vbox (badness 10000) has occurred while \output is active []

[86 <./09-GGPlot_files/figure-latex/fig2-12b-1.pdf>]
<09-GGPlot_files/figure-latex/fig2-13a-1.pdf, id=1056, 505.89pt x 361.35pt>
File: 09-GGPlot_files/figure-latex/fig2-13a-1.pdf Graphic file (type pdf)
<use 09-GGPlot_files/figure-latex/fig2-13a-1.pdf>
Package pdftex.def Info: 09-GGPlot_files/figure-latex/fig2-13a-1.pdf  used on i
nput line 2230.
(pdftex.def)             Requested size: 345.00414pt x 246.43153pt.

Overfull \hbox (38.24889pt too wide) in paragraph at lines 2246--2246
[]\T1/lmtt/m/n/10 Bar 1 is centered horizontally at D, and spans vertically fro
m 0 to 6775.[] 
 []


Overfull \hbox (38.24889pt too wide) in paragraph at lines 2246--2246
[]\T1/lmtt/m/n/10 Bar 2 is centered horizontally at E, and spans vertically fro
m 0 to 9797.[] 
 []


Overfull \hbox (38.24889pt too wide) in paragraph at lines 2246--2246
[]\T1/lmtt/m/n/10 Bar 3 is centered horizontally at F, and spans vertically fro
m 0 to 9542.[] 
 []


Overfull \hbox (43.49887pt too wide) in paragraph at lines 2246--2246
[]\T1/lmtt/m/n/10 Bar 4 is centered horizontally at G, and spans vertically fro
m 0 to 11292.[] 
 []


Overfull \hbox (38.24889pt too wide) in paragraph at lines 2246--2246
[]\T1/lmtt/m/n/10 Bar 5 is centered horizontally at H, and spans vertically fro
m 0 to 8304.[] 
 []


Overfull \hbox (38.24889pt too wide) in paragraph at lines 2246--2246
[]\T1/lmtt/m/n/10 Bar 6 is centered horizontally at I, and spans vertically fro
m 0 to 5422.[] 
 []


Overfull \hbox (38.24889pt too wide) in paragraph at lines 2246--2246
[]\T1/lmtt/m/n/10 Bar 7 is centered horizontally at J, and spans vertically fro
m 0 to 2808.[] 
 []

<09-GGPlot_files/figure-latex/fig2-13b-1.pdf, id=1057, 505.89pt x 361.35pt>
File: 09-GGPlot_files/figure-latex/fig2-13b-1.pdf Graphic file (type pdf)
<use 09-GGPlot_files/figure-latex/fig2-13b-1.pdf>
Package pdftex.def Info: 09-GGPlot_files/figure-latex/fig2-13b-1.pdf  used on i
nput line 2259.
(pdftex.def)             Requested size: 345.00414pt x 246.43153pt.

Overfull \hbox (72.74306pt too wide) has occurred while \output is active
\T1/lmr/m/sl/10 10.1.  PLOTTING A CONTINUOUS VARIABLE AGAINST A CATEGORICAL VAR
IABLE \T1/lmr/m/n/10 87
 []

[87 <./09-GGPlot_files/figure-latex/fig2-13a-1.pdf>]
Overfull \hbox (53.99884pt too wide) in paragraph at lines 2275--2275
[]\T1/lmtt/m/n/10 Bar 1 is centered horizontally at D, and spans vertically fro
m 0 to 4456.56.[] 
 []


Overfull \hbox (53.99884pt too wide) in paragraph at lines 2275--2275
[]\T1/lmtt/m/n/10 Bar 2 is centered horizontally at E, and spans vertically fro
m 0 to 6445.12.[] 
 []


Overfull \hbox (53.99884pt too wide) in paragraph at lines 2275--2275
[]\T1/lmtt/m/n/10 Bar 3 is centered horizontally at F, and spans vertically fro
m 0 to 7028.05.[] 
 []


Overfull \hbox (53.99884pt too wide) in paragraph at lines 2275--2275
[]\T1/lmtt/m/n/10 Bar 4 is centered horizontally at G, and spans vertically fro
m 0 to 8708.28.[] 
 []


Overfull \hbox (53.99884pt too wide) in paragraph at lines 2275--2275
[]\T1/lmtt/m/n/10 Bar 5 is centered horizontally at H, and spans vertically fro
m 0 to 7571.58.[] 
 []


Overfull \hbox (38.24889pt too wide) in paragraph at lines 2275--2275
[]\T1/lmtt/m/n/10 Bar 6 is centered horizontally at I, and spans vertically fro
m 0 to 5568.[] 
 []


Overfull \hbox (53.99884pt too wide) in paragraph at lines 2275--2275
[]\T1/lmtt/m/n/10 Bar 7 is centered horizontally at J, and spans vertically fro
m 0 to 3263.28.[] 
 []

<09-GGPlot_files/figure-latex/fig2-13b-2.pdf, id=1070, 505.89pt x 361.35pt>
File: 09-GGPlot_files/figure-latex/fig2-13b-2.pdf Graphic file (type pdf)
<use 09-GGPlot_files/figure-latex/fig2-13b-2.pdf>
Package pdftex.def Info: 09-GGPlot_files/figure-latex/fig2-13b-2.pdf  used on i
nput line 2286.
(pdftex.def)             Requested size: 345.00414pt x 246.43153pt.

Overfull \hbox (53.99884pt too wide) in paragraph at lines 2302--2302
[]\T1/lmtt/m/n/10 Bar 1 is centered horizontally at D, and spans vertically fro
m 0 to 4456.56.[] 
 []


Overfull \hbox (53.99884pt too wide) in paragraph at lines 2302--2302
[]\T1/lmtt/m/n/10 Bar 2 is centered horizontally at E, and spans vertically fro
m 0 to 6445.12.[] 
 []


Overfull \hbox (53.99884pt too wide) in paragraph at lines 2302--2302
[]\T1/lmtt/m/n/10 Bar 3 is centered horizontally at F, and spans vertically fro
m 0 to 7028.05.[] 
 []


Overfull \hbox (53.99884pt too wide) in paragraph at lines 2302--2302
[]\T1/lmtt/m/n/10 Bar 4 is centered horizontally at G, and spans vertically fro
m 0 to 8708.28.[] 
 []


Overfull \hbox (53.99884pt too wide) in paragraph at lines 2302--2302
[]\T1/lmtt/m/n/10 Bar 5 is centered horizontally at H, and spans vertically fro
m 0 to 7571.58.[] 
 []

[88 <./09-GGPlot_files/figure-latex/fig2-13b-1.pdf>]
Overfull \hbox (38.24889pt too wide) in paragraph at lines 2302--2302
[]\T1/lmtt/m/n/10 Bar 6 is centered horizontally at I, and spans vertically fro
m 0 to 5568.[] 
 []


Overfull \hbox (53.99884pt too wide) in paragraph at lines 2302--2302
[]\T1/lmtt/m/n/10 Bar 7 is centered horizontally at J, and spans vertically fro
m 0 to 3263.28.[] 
 []

<09-GGPlot_files/figure-latex/fig2-14a-1.pdf, id=1083, 505.89pt x 361.35pt>
File: 09-GGPlot_files/figure-latex/fig2-14a-1.pdf Graphic file (type pdf)
<use 09-GGPlot_files/figure-latex/fig2-14a-1.pdf>
Package pdftex.def Info: 09-GGPlot_files/figure-latex/fig2-14a-1.pdf  used on i
nput line 2318.
(pdftex.def)             Requested size: 345.00414pt x 246.43153pt.

Overfull \hbox (6.74898pt too wide) in paragraph at lines 2328--2328
[]\T1/lmtt/m/n/10 It has y-axis \TS1/lmtt/m/n/10 '\T1/lmtt/m/n/10 unemploy/pop\
TS1/lmtt/m/n/10 ' \T1/lmtt/m/n/10 with labels 0.02, 0.03, 0.04 and 0.05.[] 
 []


Underfull \vbox (badness 4060) has occurred while \output is active []

[89 <./09-GGPlot_files/figure-latex/fig2-13b-2.pdf>]
LaTeX Font Info:    Font shape `T1/lmtt/bx/n' in size <10> not available
(Font)              Font shape `T1/lmtt/b/n' tried instead on input line 2335.
<09-GGPlot_files/figure-latex/fig2-15b-1.pdf, id=1096, 505.89pt x 361.35pt>
File: 09-GGPlot_files/figure-latex/fig2-15b-1.pdf Graphic file (type pdf)
<use 09-GGPlot_files/figure-latex/fig2-15b-1.pdf>
Package pdftex.def Info: 09-GGPlot_files/figure-latex/fig2-15b-1.pdf  used on i
nput line 2344.
(pdftex.def)             Requested size: 345.00414pt x 246.43153pt.

Overfull \hbox (6.74898pt too wide) in paragraph at lines 2354--2354
[]\T1/lmtt/m/n/10 It has x-axis \TS1/lmtt/m/n/10 '\T1/lmtt/m/n/10 unemploy/pop\
TS1/lmtt/m/n/10 ' \T1/lmtt/m/n/10 with labels 0.02, 0.03, 0.04 and 0.05.[] 
 []


Overfull \hbox (505.49753pt too wide) in paragraph at lines 2354--2354
[]\T1/lmtt/m/n/10 There is a legend indicating colour is used to show year(date
), ranging from 1967 represented by colour dark purplish blue to 2015 shown as 
colour brilliant blue.[] 
 []

[90 <./09-GGPlot_files/figure-latex/fig2-14a-1.pdf>]
<09-GGPlot_files/figure-latex/fig2-16a-1.pdf, id=1111, 289.08pt x 722.7pt>
File: 09-GGPlot_files/figure-latex/fig2-16a-1.pdf Graphic file (type pdf)
<use 09-GGPlot_files/figure-latex/fig2-16a-1.pdf>
Package pdftex.def Info: 09-GGPlot_files/figure-latex/fig2-16a-1.pdf  used on i
nput line 2383.
(pdftex.def)             Requested size: 220.00302pt x 550.00757pt.

LaTeX Warning: Float too large for page by 23.952pt on input line 2385.


Overfull \hbox (64.49881pt too wide) in paragraph at lines 2407--2407
[]\T1/lmtt/m/n/10 The chart is comprised of 7 panels containing sub-charts, arr
anged vertically.[] 
 []


Overfull \hbox (48.74886pt too wide) in paragraph at lines 2407--2407
[]\T1/lmtt/m/n/10 Each sub-chart has y-axis \TS1/lmtt/m/n/10 '' \T1/lmtt/m/n/10
 with labels 0, 500, 1000, 1500, 2000 and 2500.[] 
 []

[91 <./09-GGPlot_files/figure-latex/fig2-15b-1.pdf>] [92 <./09-GGPlot_files/fig
ure-latex/fig2-16a-1.pdf>]
<09-GGPlot_files/figure-latex/fig2-16b-1.pdf, id=1134, 289.08pt x 722.7pt>
File: 09-GGPlot_files/figure-latex/fig2-16b-1.pdf Graphic file (type pdf)
<use 09-GGPlot_files/figure-latex/fig2-16b-1.pdf>
Package pdftex.def Info: 09-GGPlot_files/figure-latex/fig2-16b-1.pdf  used on i
nput line 2430.
(pdftex.def)             Requested size: 220.00302pt x 550.00757pt.

LaTeX Warning: Float too large for page by 23.952pt on input line 2432.


Overfull \hbox (64.49881pt too wide) in paragraph at lines 2454--2454
[]\T1/lmtt/m/n/10 The chart is comprised of 7 panels containing sub-charts, arr
anged vertically.[] 
 []


Overfull \hbox (69.7488pt too wide) in paragraph at lines 2454--2454
[]\T1/lmtt/m/n/10 Each sub-chart has y-axis \TS1/lmtt/m/n/10 '\T1/lmtt/m/n/10 .
.density..\TS1/lmtt/m/n/10 ' \T1/lmtt/m/n/10 with labels 0.0, 0.5, 1.0, 1.5 and
 2.0.[] 
 []

<09-GGPlot_files/figure-latex/p26a-1.pdf, id=1135, 505.89pt x 361.35pt>
File: 09-GGPlot_files/figure-latex/p26a-1.pdf Graphic file (type pdf)
<use 09-GGPlot_files/figure-latex/p26a-1.pdf>
Package pdftex.def Info: 09-GGPlot_files/figure-latex/p26a-1.pdf  used on input
 line 2468.
(pdftex.def)             Requested size: 345.00414pt x 246.43153pt.
[93] [94 <./09-GGPlot_files/figure-latex/fig2-16b-1.pdf>]
<09-GGPlot_files/figure-latex/fig3-6-1.pdf, id=1151, 505.89pt x 361.35pt>
File: 09-GGPlot_files/figure-latex/fig3-6-1.pdf Graphic file (type pdf)
<use 09-GGPlot_files/figure-latex/fig3-6-1.pdf>
Package pdftex.def Info: 09-GGPlot_files/figure-latex/fig3-6-1.pdf  used on inp
ut line 2492.
(pdftex.def)             Requested size: 345.00414pt x 246.43153pt.

Overfull \hbox (74.99878pt too wide) in paragraph at lines 2508--2508
[]\T1/lmtt/m/n/10 The chart is comprised of 2 panels containing sub-charts, arr
anged horizontally.[] 
 []


Overfull \hbox (1.499pt too wide) in paragraph at lines 2508--2508
[]\T1/lmtt/m/n/10 Each sub-chart has x-axis \TS1/lmtt/m/n/10 '\T1/lmtt/m/n/10 d
ispl\TS1/lmtt/m/n/10 ' \T1/lmtt/m/n/10 with labels 2, 3, 4, 5, 6 and 7.[] 
 []


Overfull \hbox (274.4982pt too wide) in paragraph at lines 2508--2508
[]\T1/lmtt/m/n/10 Layer 2 of panel 1 is a \TS1/lmtt/m/n/10 '\T1/lmtt/m/n/10 low
ess\TS1/lmtt/m/n/10 ' \T1/lmtt/m/n/10 smoothed curve with 95% confidence interv
als.Panel 2 represents data for year = 2008.[] 
 []


Overfull \hbox (64.49881pt too wide) in paragraph at lines 2508--2508
[]\T1/lmtt/m/n/10 Layer 2 of panel 2 is a \TS1/lmtt/m/n/10 '\T1/lmtt/m/n/10 low
ess\TS1/lmtt/m/n/10 ' \T1/lmtt/m/n/10 smoothed curve with 95% confidence interv
als.[] 
 []

[95 <./09-GGPlot_files/figure-latex/p26a-1.pdf>] [96 <./09-GGPlot_files/figure-
latex/fig3-6-1.pdf>]
Chapter 11.
[97

]
Overfull \hbox (7.25917pt too wide) has occurred while \output is active
\T1/lmr/m/n/10 98 \T1/lmr/m/sl/10 CHAPTER 11.  GETTING STARTED WITH THE WRITER 
APPLICATION
 []

[98]
Overfull \hbox (4605.73561pt too wide) in paragraph at lines 2601--2601
[]\T1/lmtt/m/n/10 [1] "PATH=C:\\Program Files\\Python38\\Scripts\\;C:\\Program 
Files\\Python38\\;C:\\Rtools\\bin;C:\\Program Files\\ImageMagick-7.0.7-Q16;C:\\
WINDOWS\\system32;C:\\WINDOWS;C:\\WINDOWS\\System32\\Wbem;C:\\WINDOWS\\System32
\\WindowsPowerShell\\v1.0\\;C:\\Program Files\\Intel\\WiFi\\bin\\;C:\\Program F
iles\\Common Files\\Intel\\WirelessCommon\\;C:\\Program Files\\MiKTeX 2.9\\mikt
ex\\bin\\x64\\;C:\\Program Files (x86)\\Pandoc\\;c:\\batch;C:\\Program Files\\G
it\\cmd;C:\\Program Files\\Git\\mingw64\\bin;C:\\Program Files\\Git\\usr\\bin;C
:\\WINDOWS\\System32\\OpenSSH\\;C:\\Program Files\\Pandoc\\;C:\\Program Files (
x86)\\Intel\\Intel(R) Management Engine Components\\DAL;C:\\Program Files\\Inte
l\\Intel(R) Management Engine Components\\DAL;C:\\Users\\ajgodfre\\AppData\\Loc
al\\Programs\\Python\\Python310\\Scripts\\;C:\\Users\\ajgodfre\\AppData\\Local\
\Programs\\Python\\Python310\\;C:\\Users\\ajgodfre\\AppData\\Local\\Microsoft\\
WindowsApps;"[] 
 []

[99]
Overfull \hbox (12.25917pt too wide) has occurred while \output is active
\T1/lmr/m/n/10 100 \T1/lmr/m/sl/10 CHAPTER 11.  GETTING STARTED WITH THE WRITER
 APPLICATION
 []

[100]
Underfull \vbox (badness 2809) has occurred while \output is active []

[101]
Underfull \vbox (badness 10000) has occurred while \output is active []


Overfull \hbox (12.25917pt too wide) has occurred while \output is active
\T1/lmr/m/n/10 102 \T1/lmr/m/sl/10 CHAPTER 11.  GETTING STARTED WITH THE WRITER
 APPLICATION
 []

[102] [103]
Overfull \hbox (12.25917pt too wide) has occurred while \output is active
\T1/lmr/m/n/10 104 \T1/lmr/m/sl/10 CHAPTER 11.  GETTING STARTED WITH THE WRITER
 APPLICATION
 []

[104]
Chapter 12.
[105

] [106

]
Chapter 13.
[107] [108]
Chapter 14.
(BrailleR.bbl [109

] [110

] [111] [112] [113])
Package atveryend Info: Empty hook `BeforeClearDocument' on input line 2814.
[114]
Package atveryend Info: Empty hook `AfterLastShipout' on input line 2814.
(BrailleR.aux)
Package atveryend Info: Executing hook `AtVeryEndDocument' on input line 2814.
Package atveryend Info: Empty hook `AtEndAfterFileList' on input line 2814.
Package atveryend Info: Empty hook `AtVeryVeryEnd' on input line 2814.
 ) 
Here is how much of TeX's memory you used:
 14713 strings out of 492976
 220585 string characters out of 3135982
 321726 words of memory out of 3000000
 17791 multiletter control sequences out of 15000+200000
 80626 words of font info for 137 fonts, out of 3000000 for 9000
 1141 hyphenation exceptions out of 8191
 35i,6n,38p,1721b,520s stack positions out of 5000i,500n,10000p,200000b,50000s
{C:/Program Files/MiKTeX 2.9/fonts/enc/dvips/lm/lm-mathit.enc}{C:/Program Fil
es/MiKTeX 2.9/fonts/enc/dvips/lm/lm-ec.enc}{C:/Program Files/MiKTeX 2.9/fonts/e
nc/dvips/lm/lm-mathsy.enc}{C:/Program Files/MiKTeX 2.9/fonts/enc/dvips/lm/lm-rm
.enc}{C:/Program Files/MiKTeX 2.9/fonts/enc/dvips/lm/lm-ts1.enc}<C:/Program Fil
es/MiKTeX 2.9/fonts/type1/public/lm/lmbx10.pfb><C:/Program Files/MiKTeX 2.9/fon
ts/type1/public/lm/lmbx12.pfb><C:/Program Files/MiKTeX 2.9/fonts/type1/public/l
m/lmmi7.pfb><C:/Program Files/MiKTeX 2.9/fonts/type1/public/lm/lmr10.pfb><C:/Pr
ogram Files/MiKTeX 2.9/fonts/type1/public/lm/lmr12.pfb><C:/Program Files/MiKTeX
 2.9/fonts/type1/public/lm/lmr17.pfb><C:/Program Files/MiKTeX 2.9/fonts/type1/p
ublic/lm/lmr7.pfb><C:/Program Files/MiKTeX 2.9/fonts/type1/public/lm/lmri10.pfb
><C:/Program Files/MiKTeX 2.9/fonts/type1/public/lm/lmro10.pfb><C:/Program File
s/MiKTeX 2.9/fonts/type1/public/lm/lmsy10.pfb><C:/Program Files/MiKTeX 2.9/font
s/type1/public/lm/lmtk10.pfb><C:/Program Files/MiKTeX 2.9/fonts/type1/public/lm
/lmtt10.pfb><C:/Program Files/MiKTeX 2.9/fonts/type1/public/lm/lmtti10.pfb>
Output written on BrailleR.pdf (114 pages, 9896381 bytes).
PDF statistics:
 1629 PDF objects out of 1728 (max. 8388607)
 398 named destinations out of 1000 (max. 500000)
 15061 words of extra memory for PDF output out of 17280 (max. 10000000)

